2017-08-06 01:30:20,101 [0:0:0:0:0:0:0:1] Category: Deployment - Type: Update Module - User: 00000000D00000000000000000000001 admin - Title: 'Updated module: Qualicorp RedeNaRede' - Description: 'Updated module: 
  id: br.com.qualicorp.redenarede
  Name: Qualicorp RedeNaRede'
2017-08-06 01:30:20,110 [0:0:0:0:0:0:0:1] Category: Deployment - Type: Update Component - User: 00000000D00000000000000000000001 admin - Title: 'Updated component: br.com.qualicorp.redenarede.service.login' - Description: 'Updated component: 
  id: br.com.qualicorp.redenarede.service.login
  Version: 1.0.0.0
  Module: Qualicorp RedeNaRede(br.com.qualicorp.redenarede)'
2017-08-06 01:30:20,243 [0:0:0:0:0:0:0:1] Category: Deployment - Type: Update Module - User: 00000000D00000000000000000000001 admin - Title: 'Updated module: Qualicorp RedeNaRede' - Description: 'Updated module: 
  id: br.com.qualicorp.redenarede
  Name: Qualicorp RedeNaRede'
2017-08-06 01:30:22,571 [0:0:0:0:0:0:0:1] Category: Deployment - Type: Update Module - User: 00000000D00000000000000000000001 admin - Title: 'Updated module: Qualicorp RedeNaRede' - Description: 'Updated module: 
  id: br.com.qualicorp.redenarede
  Name: Qualicorp RedeNaRede'
2017-08-06 01:30:22,675 [0:0:0:0:0:0:0:1] Category: Deployment - Type: Update Component - User: 00000000D00000000000000000000001 admin - Title: 'Updated component: br.com.qualicorp.redenarede.service.login' - Description: 'Updated component: 
  id: br.com.qualicorp.redenarede.service.login
  Version: 1.0.0.0
  Module: Qualicorp RedeNaRede(br.com.qualicorp.redenarede)'
2017-08-06 01:30:23,763 [0:0:0:0:0:0:0:1] Category: Deployment - Type: Update Module - User: 00000000D00000000000000000000001 admin - Title: 'Updated module: Qualicorp RedeNaRede' - Description: 'Updated module: 
  id: br.com.qualicorp.redenarede
  Name: Qualicorp RedeNaRede'
2017-08-06 01:30:23,765 [0:0:0:0:0:0:0:1] Category: Deployment - Type: Update Component - User: 00000000D00000000000000000000001 admin - Title: 'Updated component: br.com.qualicorp.redenarede.service.login' - Description: 'Updated component: 
  id: br.com.qualicorp.redenarede.service.login
  Version: 1.0.0.0
  Module: Qualicorp RedeNaRede(br.com.qualicorp.redenarede)'
2017-08-06 03:31:46,079 [0:0:0:0:0:0:0:1] Category: Deployment - Type: Update Module - User: 00000000D00000000000000000000001 admin - Title: 'Updated module: Qualicorp RedeNaRede' - Description: 'Updated module: 
  id: br.com.qualicorp.redenarede
  Name: Qualicorp RedeNaRede'
2017-08-06 03:31:46,081 [0:0:0:0:0:0:0:1] Category: Deployment - Type: Update Component - User: 00000000D00000000000000000000001 admin - Title: 'Updated component: br.com.qualicorp.redenarede.service.administracaodelayout' - Description: 'Updated component: 
  id: br.com.qualicorp.redenarede.service.administracaodelayout
  Version: 1.0.0.0
  Module: Qualicorp RedeNaRede(br.com.qualicorp.redenarede)'
2017-08-06 03:31:46,082 [0:0:0:0:0:0:0:1] Category: Deployment - Type: Update Component - User: 00000000D00000000000000000000001 admin - Title: 'Updated component: br.com.qualicorp.redenarede.service.oauth' - Description: 'Updated component: 
  id: br.com.qualicorp.redenarede.service.oauth
  Version: 1.0.0.0
  Module: Qualicorp RedeNaRede(br.com.qualicorp.redenarede)'
2017-08-06 03:31:46,082 [0:0:0:0:0:0:0:1] Category: Deployment - Type: Update Component - User: 00000000D00000000000000000000001 admin - Title: 'Updated component: br.com.qualicorp.redenarede.service.questionariosaude' - Description: 'Updated component: 
  id: br.com.qualicorp.redenarede.service.questionariosaude
  Version: 1.0.0.0
  Module: Qualicorp RedeNaRede(br.com.qualicorp.redenarede)'
2017-08-06 03:31:46,083 [0:0:0:0:0:0:0:1] Category: Deployment - Type: Update Component - User: 00000000D00000000000000000000001 admin - Title: 'Updated component: br.com.qualicorp.redenarede.service.administracaoestipulante' - Description: 'Updated component: 
  id: br.com.qualicorp.redenarede.service.administracaoestipulante
  Version: 1.0.0.0
  Module: Qualicorp RedeNaRede(br.com.qualicorp.redenarede)'
2017-08-06 03:31:46,084 [0:0:0:0:0:0:0:1] Category: Deployment - Type: Update Component - User: 00000000D00000000000000000000001 admin - Title: 'Updated component: br.com.qualicorp.redenarede.service.businesscontact' - Description: 'Updated component: 
  id: br.com.qualicorp.redenarede.service.businesscontact
  Version: 1.0.0.0
  Module: Qualicorp RedeNaRede(br.com.qualicorp.redenarede)'
2017-08-06 03:31:46,085 [0:0:0:0:0:0:0:1] Category: Deployment - Type: Update Component - User: 00000000D00000000000000000000001 admin - Title: 'Updated component: br.com.qualicorp.redenarede.service.login' - Description: 'Updated component: 
  id: br.com.qualicorp.redenarede.service.login
  Version: 1.0.0.0
  Module: Qualicorp RedeNaRede(br.com.qualicorp.redenarede)'
2017-08-06 03:31:46,086 [0:0:0:0:0:0:0:1] Category: Deployment - Type: Update Component - User: 00000000D00000000000000000000001 admin - Title: 'Updated component: br.com.qualicorp.redenarede.service.useraccount' - Description: 'Updated component: 
  id: br.com.qualicorp.redenarede.service.useraccount
  Version: 1.0.0.0
  Module: Qualicorp RedeNaRede(br.com.qualicorp.redenarede)'
2017-08-06 03:31:46,088 [0:0:0:0:0:0:0:1] Category: Deployment - Type: Update Component - User: 00000000D00000000000000000000001 admin - Title: 'Updated component: br.com.qualicorp.redenarede.service.buscapormedico' - Description: 'Updated component: 
  id: br.com.qualicorp.redenarede.service.buscapormedico
  Version: 1.0.0.0
  Module: Qualicorp RedeNaRede(br.com.qualicorp.redenarede)'
2017-08-06 03:31:46,092 [0:0:0:0:0:0:0:1] Category: Deployment - Type: Update Component - User: 00000000D00000000000000000000001 admin - Title: 'Updated component: br.com.qualicorp.redenarede.service.auditoria' - Description: 'Updated component: 
  id: br.com.qualicorp.redenarede.service.auditoria
  Version: 1.0.0.0
  Module: Qualicorp RedeNaRede(br.com.qualicorp.redenarede)'
2017-08-06 03:31:46,092 [0:0:0:0:0:0:0:1] Category: Deployment - Type: Update Component - User: 00000000D00000000000000000000001 admin - Title: 'Updated component: br.com.qualicorp.redenarede.service.autodeploy' - Description: 'Updated component: 
  id: br.com.qualicorp.redenarede.service.autodeploy
  Version: 1.0.0.0
  Module: Qualicorp RedeNaRede(br.com.qualicorp.redenarede)'
2017-08-06 03:31:46,093 [0:0:0:0:0:0:0:1] Category: Deployment - Type: Update Component - User: 00000000D00000000000000000000001 admin - Title: 'Updated component: br.com.qualicorp.redenarede.service.banner' - Description: 'Updated component: 
  id: br.com.qualicorp.redenarede.service.banner
  Version: 1.0.0.0
  Module: Qualicorp RedeNaRede(br.com.qualicorp.redenarede)'
2017-08-06 03:31:52,016 [0:0:0:0:0:0:0:1] Category: Deployment - Type: Update Module - User: 00000000D00000000000000000000001 admin - Title: 'Updated module: Qualicorp RedeNaRede' - Description: 'Updated module: 
  id: br.com.qualicorp.redenarede
  Name: Qualicorp RedeNaRede'
2017-08-06 03:31:52,157 [0:0:0:0:0:0:0:1] Category: Deployment - Type: Update Module - User: 00000000D00000000000000000000001 admin - Title: 'Updated module: Qualicorp RedeNaRede' - Description: 'Updated module: 
  id: br.com.qualicorp.redenarede
  Name: Qualicorp RedeNaRede'
2017-08-06 03:31:57,255 [0:0:0:0:0:0:0:1] Category: Deployment - Type: Update Component - User: 00000000D00000000000000000000001 admin - Title: 'Updated component: br.com.qualicorp.redenarede.service.oauth' - Description: 'Updated component: 
  id: br.com.qualicorp.redenarede.service.oauth
  Version: 1.0.0.0
  Module: Qualicorp RedeNaRede(br.com.qualicorp.redenarede)'
2017-08-06 03:31:58,475 [0:0:0:0:0:0:0:1] Category: Deployment - Type: Update Component - User: 00000000D00000000000000000000001 admin - Title: 'Updated component: br.com.qualicorp.redenarede.service.questionariosaude' - Description: 'Updated component: 
  id: br.com.qualicorp.redenarede.service.questionariosaude
  Version: 1.0.0.0
  Module: Qualicorp RedeNaRede(br.com.qualicorp.redenarede)'
2017-08-06 03:31:59,709 [0:0:0:0:0:0:0:1] Category: Deployment - Type: Update Component - User: 00000000D00000000000000000000001 admin - Title: 'Updated component: br.com.qualicorp.redenarede.service.administracaoestipulante' - Description: 'Updated component: 
  id: br.com.qualicorp.redenarede.service.administracaoestipulante
  Version: 1.0.0.0
  Module: Qualicorp RedeNaRede(br.com.qualicorp.redenarede)'
2017-08-06 03:32:01,210 [0:0:0:0:0:0:0:1] Category: Deployment - Type: Update Component - User: 00000000D00000000000000000000001 admin - Title: 'Updated component: br.com.qualicorp.redenarede.service.administracaodelayout' - Description: 'Updated component: 
  id: br.com.qualicorp.redenarede.service.administracaodelayout
  Version: 1.0.0.0
  Module: Qualicorp RedeNaRede(br.com.qualicorp.redenarede)'
2017-08-06 03:32:03,349 [0:0:0:0:0:0:0:1] Category: Deployment - Type: Update Component - User: 00000000D00000000000000000000001 admin - Title: 'Updated component: br.com.qualicorp.redenarede.service.businesscontact' - Description: 'Updated component: 
  id: br.com.qualicorp.redenarede.service.businesscontact
  Version: 1.0.0.0
  Module: Qualicorp RedeNaRede(br.com.qualicorp.redenarede)'
2017-08-06 03:32:05,380 [0:0:0:0:0:0:0:1] Category: Deployment - Type: Update Component - User: 00000000D00000000000000000000001 admin - Title: 'Updated component: br.com.qualicorp.redenarede.service.banner' - Description: 'Updated component: 
  id: br.com.qualicorp.redenarede.service.banner
  Version: 1.0.0.0
  Module: Qualicorp RedeNaRede(br.com.qualicorp.redenarede)'
2017-08-06 03:32:07,731 [0:0:0:0:0:0:0:1] Category: Deployment - Type: Update Component - User: 00000000D00000000000000000000001 admin - Title: 'Updated component: br.com.qualicorp.redenarede.service.autodeploy' - Description: 'Updated component: 
  id: br.com.qualicorp.redenarede.service.autodeploy
  Version: 1.0.0.0
  Module: Qualicorp RedeNaRede(br.com.qualicorp.redenarede)'
2017-08-06 03:32:08,928 [0:0:0:0:0:0:0:1] Category: Deployment - Type: Update Component - User: 00000000D00000000000000000000001 admin - Title: 'Updated component: br.com.qualicorp.redenarede.service.login' - Description: 'Updated component: 
  id: br.com.qualicorp.redenarede.service.login
  Version: 1.0.0.0
  Module: Qualicorp RedeNaRede(br.com.qualicorp.redenarede)'
2017-08-06 03:32:10,326 [0:0:0:0:0:0:0:1] Category: Deployment - Type: Update Component - User: 00000000D00000000000000000000001 admin - Title: 'Updated component: br.com.qualicorp.redenarede.service.useraccount' - Description: 'Updated component: 
  id: br.com.qualicorp.redenarede.service.useraccount
  Version: 1.0.0.0
  Module: Qualicorp RedeNaRede(br.com.qualicorp.redenarede)'
2017-08-06 03:32:11,461 [0:0:0:0:0:0:0:1] Category: Deployment - Type: Update Component - User: 00000000D00000000000000000000001 admin - Title: 'Updated component: br.com.qualicorp.redenarede.service.buscapormedico' - Description: 'Updated component: 
  id: br.com.qualicorp.redenarede.service.buscapormedico
  Version: 1.0.0.0
  Module: Qualicorp RedeNaRede(br.com.qualicorp.redenarede)'
2017-08-06 03:32:12,764 [0:0:0:0:0:0:0:1] Category: Deployment - Type: Update Component - User: 00000000D00000000000000000000001 admin - Title: 'Updated component: br.com.qualicorp.redenarede.service.auditoria' - Description: 'Updated component: 
  id: br.com.qualicorp.redenarede.service.auditoria
  Version: 1.0.0.0
  Module: Qualicorp RedeNaRede(br.com.qualicorp.redenarede)'
2017-08-06 03:32:19,647 [0:0:0:0:0:0:0:1] Category: Deployment - Type: Update Module - User: 00000000D00000000000000000000001 admin - Title: 'Updated module: Qualicorp RedeNaRede' - Description: 'Updated module: 
  id: br.com.qualicorp.redenarede
  Name: Qualicorp RedeNaRede'
2017-08-06 03:32:19,651 [0:0:0:0:0:0:0:1] Category: Deployment - Type: Update Component - User: 00000000D00000000000000000000001 admin - Title: 'Updated component: br.com.qualicorp.redenarede.service.administracaodelayout' - Description: 'Updated component: 
  id: br.com.qualicorp.redenarede.service.administracaodelayout
  Version: 1.0.0.0
  Module: Qualicorp RedeNaRede(br.com.qualicorp.redenarede)'
2017-08-06 03:32:19,651 [0:0:0:0:0:0:0:1] Category: Deployment - Type: Update Component - User: 00000000D00000000000000000000001 admin - Title: 'Updated component: br.com.qualicorp.redenarede.service.oauth' - Description: 'Updated component: 
  id: br.com.qualicorp.redenarede.service.oauth
  Version: 1.0.0.0
  Module: Qualicorp RedeNaRede(br.com.qualicorp.redenarede)'
2017-08-06 03:32:19,652 [0:0:0:0:0:0:0:1] Category: Deployment - Type: Update Component - User: 00000000D00000000000000000000001 admin - Title: 'Updated component: br.com.qualicorp.redenarede.service.questionariosaude' - Description: 'Updated component: 
  id: br.com.qualicorp.redenarede.service.questionariosaude
  Version: 1.0.0.0
  Module: Qualicorp RedeNaRede(br.com.qualicorp.redenarede)'
2017-08-06 03:32:19,653 [0:0:0:0:0:0:0:1] Category: Deployment - Type: Update Component - User: 00000000D00000000000000000000001 admin - Title: 'Updated component: br.com.qualicorp.redenarede.service.administracaoestipulante' - Description: 'Updated component: 
  id: br.com.qualicorp.redenarede.service.administracaoestipulante
  Version: 1.0.0.0
  Module: Qualicorp RedeNaRede(br.com.qualicorp.redenarede)'
2017-08-06 03:32:19,654 [0:0:0:0:0:0:0:1] Category: Deployment - Type: Update Component - User: 00000000D00000000000000000000001 admin - Title: 'Updated component: br.com.qualicorp.redenarede.service.businesscontact' - Description: 'Updated component: 
  id: br.com.qualicorp.redenarede.service.businesscontact
  Version: 1.0.0.0
  Module: Qualicorp RedeNaRede(br.com.qualicorp.redenarede)'
2017-08-06 03:32:19,655 [0:0:0:0:0:0:0:1] Category: Deployment - Type: Update Component - User: 00000000D00000000000000000000001 admin - Title: 'Updated component: br.com.qualicorp.redenarede.service.login' - Description: 'Updated component: 
  id: br.com.qualicorp.redenarede.service.login
  Version: 1.0.0.0
  Module: Qualicorp RedeNaRede(br.com.qualicorp.redenarede)'
2017-08-06 03:32:19,656 [0:0:0:0:0:0:0:1] Category: Deployment - Type: Update Component - User: 00000000D00000000000000000000001 admin - Title: 'Updated component: br.com.qualicorp.redenarede.service.useraccount' - Description: 'Updated component: 
  id: br.com.qualicorp.redenarede.service.useraccount
  Version: 1.0.0.0
  Module: Qualicorp RedeNaRede(br.com.qualicorp.redenarede)'
2017-08-06 03:32:19,656 [0:0:0:0:0:0:0:1] Category: Deployment - Type: Update Component - User: 00000000D00000000000000000000001 admin - Title: 'Updated component: br.com.qualicorp.redenarede.service.buscapormedico' - Description: 'Updated component: 
  id: br.com.qualicorp.redenarede.service.buscapormedico
  Version: 1.0.0.0
  Module: Qualicorp RedeNaRede(br.com.qualicorp.redenarede)'
2017-08-06 03:32:19,658 [0:0:0:0:0:0:0:1] Category: Deployment - Type: Update Component - User: 00000000D00000000000000000000001 admin - Title: 'Updated component: br.com.qualicorp.redenarede.service.auditoria' - Description: 'Updated component: 
  id: br.com.qualicorp.redenarede.service.auditoria
  Version: 1.0.0.0
  Module: Qualicorp RedeNaRede(br.com.qualicorp.redenarede)'
2017-08-06 03:32:19,659 [0:0:0:0:0:0:0:1] Category: Deployment - Type: Update Component - User: 00000000D00000000000000000000001 admin - Title: 'Updated component: br.com.qualicorp.redenarede.service.autodeploy' - Description: 'Updated component: 
  id: br.com.qualicorp.redenarede.service.autodeploy
  Version: 1.0.0.0
  Module: Qualicorp RedeNaRede(br.com.qualicorp.redenarede)'
2017-08-06 03:32:19,660 [0:0:0:0:0:0:0:1] Category: Deployment - Type: Update Component - User: 00000000D00000000000000000000001 admin - Title: 'Updated component: br.com.qualicorp.redenarede.service.banner' - Description: 'Updated component: 
  id: br.com.qualicorp.redenarede.service.banner
  Version: 1.0.0.0
  Module: Qualicorp RedeNaRede(br.com.qualicorp.redenarede)'
2017-08-06 03:41:27,684 [0:0:0:0:0:0:0:1] Category: Deployment - Type: Update Module - User: 00000000D00000000000000000000001 admin - Title: 'Updated module: Qualicorp RedeNaRede' - Description: 'Updated module: 
  id: br.com.qualicorp.redenarede
  Name: Qualicorp RedeNaRede'
2017-08-06 03:41:27,685 [0:0:0:0:0:0:0:1] Category: Deployment - Type: Update Component - User: 00000000D00000000000000000000001 admin - Title: 'Updated component: br.com.qualicorp.redenarede.service.useraccount' - Description: 'Updated component: 
  id: br.com.qualicorp.redenarede.service.useraccount
  Version: 1.0.0.0
  Module: Qualicorp RedeNaRede(br.com.qualicorp.redenarede)'
2017-08-06 03:41:29,409 [0:0:0:0:0:0:0:1] Category: Deployment - Type: Update Module - User: 00000000D00000000000000000000001 admin - Title: 'Updated module: Qualicorp RedeNaRede' - Description: 'Updated module: 
  id: br.com.qualicorp.redenarede
  Name: Qualicorp RedeNaRede'
2017-08-06 03:41:29,541 [0:0:0:0:0:0:0:1] Category: Deployment - Type: Update Module - User: 00000000D00000000000000000000001 admin - Title: 'Updated module: Qualicorp RedeNaRede' - Description: 'Updated module: 
  id: br.com.qualicorp.redenarede
  Name: Qualicorp RedeNaRede'
2017-08-06 03:41:29,690 [0:0:0:0:0:0:0:1] Category: Deployment - Type: Update Component - User: 00000000D00000000000000000000001 admin - Title: 'Updated component: br.com.qualicorp.redenarede.service.useraccount' - Description: 'Updated component: 
  id: br.com.qualicorp.redenarede.service.useraccount
  Version: 1.0.0.0
  Module: Qualicorp RedeNaRede(br.com.qualicorp.redenarede)'
2017-08-06 03:41:30,872 [0:0:0:0:0:0:0:1] Category: Deployment - Type: Update Module - User: 00000000D00000000000000000000001 admin - Title: 'Updated module: Qualicorp RedeNaRede' - Description: 'Updated module: 
  id: br.com.qualicorp.redenarede
  Name: Qualicorp RedeNaRede'
2017-08-06 03:41:30,873 [0:0:0:0:0:0:0:1] Category: Deployment - Type: Update Component - User: 00000000D00000000000000000000001 admin - Title: 'Updated component: br.com.qualicorp.redenarede.service.useraccount' - Description: 'Updated component: 
  id: br.com.qualicorp.redenarede.service.useraccount
  Version: 1.0.0.0
  Module: Qualicorp RedeNaRede(br.com.qualicorp.redenarede)'
2017-08-06 23:00:47,093 [0:0:0:0:0:0:0:1] Category: Deployment - Type: Update Module - User: 00000000D00000000000000000000001 admin - Title: 'Updated module: Qualicorp RedeNaRede' - Description: 'Updated module: 
  id: br.com.qualicorp.redenarede
  Name: Qualicorp RedeNaRede'
2017-08-06 23:00:47,099 [0:0:0:0:0:0:0:1] Category: Deployment - Type: Update Component - User: 00000000D00000000000000000000001 admin - Title: 'Updated component: br.com.qualicorp.redenarede.service.useraccount' - Description: 'Updated component: 
  id: br.com.qualicorp.redenarede.service.useraccount
  Version: 1.0.0.0
  Module: Qualicorp RedeNaRede(br.com.qualicorp.redenarede)'
2017-08-06 23:00:49,639 [0:0:0:0:0:0:0:1] Category: Deployment - Type: Update Module - User: 00000000D00000000000000000000001 admin - Title: 'Updated module: Qualicorp RedeNaRede' - Description: 'Updated module: 
  id: br.com.qualicorp.redenarede
  Name: Qualicorp RedeNaRede'
2017-08-06 23:00:49,743 [0:0:0:0:0:0:0:1] Category: Deployment - Type: Update Module - User: 00000000D00000000000000000000001 admin - Title: 'Updated module: Qualicorp RedeNaRede' - Description: 'Updated module: 
  id: br.com.qualicorp.redenarede
  Name: Qualicorp RedeNaRede'
2017-08-06 23:00:50,057 [0:0:0:0:0:0:0:1] Category: Deployment - Type: Update Component - User: 00000000D00000000000000000000001 admin - Title: 'Updated component: br.com.qualicorp.redenarede.service.useraccount' - Description: 'Updated component: 
  id: br.com.qualicorp.redenarede.service.useraccount
  Version: 1.0.0.0
  Module: Qualicorp RedeNaRede(br.com.qualicorp.redenarede)'
2017-08-06 23:00:52,956 [0:0:0:0:0:0:0:1] Category: Deployment - Type: Update Module - User: 00000000D00000000000000000000001 admin - Title: 'Updated module: Qualicorp RedeNaRede' - Description: 'Updated module: 
  id: br.com.qualicorp.redenarede
  Name: Qualicorp RedeNaRede'
2017-08-06 23:00:52,959 [0:0:0:0:0:0:0:1] Category: Deployment - Type: Update Component - User: 00000000D00000000000000000000001 admin - Title: 'Updated component: br.com.qualicorp.redenarede.service.useraccount' - Description: 'Updated component: 
  id: br.com.qualicorp.redenarede.service.useraccount
  Version: 1.0.0.0
  Module: Qualicorp RedeNaRede(br.com.qualicorp.redenarede)'
2017-08-06 23:20:51,408 [0:0:0:0:0:0:0:1] Category: Structure - Type: Add Service Interface Instance - User: 00000000D00000000000000000000001 admin - Title: 'Added service interface instance: STR_EDIT_USER' - Description: 'Added service interface instance
  id: 402881865DBA6D61015DBA7EB1260110
  interface id: lumis.service.portalmanagement.user.edit
  display name: STR_EDIT_USER
  page id: LumisBlankPage
  page name: STR_BLANK_PAGE
  service instance id: 8A488AE75D9EFBC9015D9EFD810605FB'
